<?xml version="1.0" encoding="UTF-8"?>
<!-- Generated by org.testng.reporters.JUnitXMLReporter -->
<testsuite ignored="4" hostname="LAPTOP-04PLRVB4" failures="0" tests="1" name="Default test" time="10.401" errors="0" timestamp="2024-01-22T12:54:05 PST">
  <testcase classname="com.automation.tests.scripts.SalesforceProjectUserMenuDropDown" name="SalesforceTestCase8" time="6.514"/>
  <testcase classname="com.automation.tests.scripts.SalesforceProjectUserMenuDropDown" name="SalesforceTestCase9" time="0.0">
    <ignored/>
  </testcase> <!-- SalesforceTestCase9 -->
  <testcase classname="com.automation.tests.scripts.SalesforceProjectUserMenuDropDown" name="SalesforceTestCase5" time="0.0">
    <ignored/>
  </testcase> <!-- SalesforceTestCase5 -->
  <testcase classname="com.automation.tests.scripts.SalesforceProjectUserMenuDropDown" name="SalesforceTestCase6" time="0.0">
    <ignored/>
  </testcase> <!-- SalesforceTestCase6 -->
  <testcase classname="com.automation.tests.scripts.SalesforceProjectUserMenuDropDown" name="SalesforceTestCase7" time="0.0">
    <ignored/>
  </testcase> <!-- SalesforceTestCase7 -->
</testsuite> <!-- Default test -->
