<?xml version="1.0" encoding="UTF-8"?>
<testng-results ignored="4" total="5" passed="1" failed="0" skipped="0">
  <reporter-output>
  </reporter-output>
  <suite started-at="2024-01-22T12:53:55 PST" name="Default suite" finished-at="2024-01-22T12:54:05 PST" duration-ms="10401">
    <groups>
    </groups>
    <test started-at="2024-01-22T12:53:55 PST" name="Default test" finished-at="2024-01-22T12:54:05 PST" duration-ms="10401">
      <class name="com.automation.tests.scripts.SalesforceProjectUserMenuDropDown">
        <test-method is-config="true" signature="setupBeforeTest()[pri:0, instance:com.automation.tests.scripts.SalesforceProjectUserMenuDropDown@1530c739]" started-at="2024-01-22T12:53:55 PST" name="setupBeforeTest" finished-at="2024-01-22T12:53:55 PST" duration-ms="423" status="PASS">
          <reporter-output>
          </reporter-output>
        </test-method> <!-- setupBeforeTest -->
        <test-method is-config="true" signature="setupBeforeTestMethod(java.lang.String)[pri:0, instance:com.automation.tests.scripts.SalesforceProjectUserMenuDropDown@1530c739]" started-at="2024-01-22T12:53:55 PST" name="setupBeforeTestMethod" finished-at="2024-01-22T12:53:59 PST" duration-ms="3432" status="PASS">
          <params>
            <param index="0">
              <value>
                <![CDATA[Chrome]]>
              </value>
            </param>
          </params>
          <reporter-output>
          </reporter-output>
        </test-method> <!-- setupBeforeTestMethod -->
        <test-method signature="SalesforceTestCase8()[pri:0, instance:com.automation.tests.scripts.SalesforceProjectUserMenuDropDown@1530c739]" started-at="2024-01-22T12:53:59 PST" name="SalesforceTestCase8" finished-at="2024-01-22T12:54:05 PST" duration-ms="6514" status="PASS">
          <reporter-output>
          </reporter-output>
        </test-method> <!-- SalesforceTestCase8 -->
      </class> <!-- com.automation.tests.scripts.SalesforceProjectUserMenuDropDown -->
    </test> <!-- Default test -->
  </suite> <!-- Default suite -->
</testng-results>
